(base) projet11@delorean1:~/par-bci/tools$ ls
analysis.py                   debug_classes.py                  presentation_figures
analyze_csv_stats.py          debug_markers.py                  verify_session_transfer.py
audit_results                 erp_analysis_judge.png            visualize_channels.py
bci_confusion_matrix.png      erp_data_export.csv               visualize_covariance.py
bci_diagnostics.py            evaluate_separability.py          visualize_erp.py
bci_drift_analysis.png        generate_pieds_figures.py         visualize_multiclass.py
bci_tsne_train.png            generate_presentation_figures.py  visualize_processed_data.py
cache_physionet.py            inspect_processed_data.py         visualize_riemann_diff.py
check_acquisition_live.py     inspect_rest_markers.py           visualize_riemann_distances.py
check_riemann_feasibility.py  preprocess_data_to_npy.py         visualize_spectrogram.py
(base) projet11@delorean1:~/par-bci/tools$ python cache_physionet.py
Traceback (most recent call last):
  File "/home/projet11/par-bci/tools/cache_physionet.py", line 1, in <module>
    import numpy as np
ModuleNotFoundError: No module named 'numpy'
(base) projet11@delorean1:~/par-bci/tools$ conda activate bci

EnvironmentNameNotFound: Could not find conda environment: bci
You can list all discoverable environments with `conda info --envs`.


(base) projet11@delorean1:~/par-bci/tools$ conda activate bci_env
(bci_env) projet11@delorean1:~/par-bci/tools$ python cache_physionet.py
üöÄ Starting PhysioNet Processing & Caching...
   Subjects: 109
   Target: /home/projet11/par-bci/EEGnet/physionet_cache_v2.npz
   [TIP] Press Ctrl+C at any time to stop and SAVE current progress.
Using default location ~/mne_data for EEGBCI...
Creating /home/projet11/mne_data
Downloading EEGBCI data
Downloading file 'S001/S001R03.edf' from 'https://physionet.org/files/eegmmidb/1.0.0/S001/S001R03.edf' to '/home/projet1
1/mne_data/MNE-eegbci-data/files/eegmmidb/1.0.0'.
Downloading file 'S001/S001R07.edf' from 'https://physionet.org/files/eegmmidb/1.0.0/S001/S001R07.edf' to '/home/projet1
1/mne_data/MNE-eegbci-data/files/eegmmidb/1.0.0'.
Downloading file 'S001/S001R11.edf' from 'https://physionet.org/files/eegmmidb/1.0.0/S001/S001R11.edf' to '/home/projet1
1/mne_data/MNE-eegbci-data/files/eegmmidb/1.0.0'.
Downloading file 'S001/S001R04.edf' from 'https://physionet.org/files/eegmmidb/1.0.0/S001/S001R04.edf' to '/home/projet1
1/mne_data/MNE-eegbci-data/files/eegmmidb/1.0.0'.
Downloading file 'S001/S001R08.edf' from 'https://physionet.org/files/eegmmidb/1.0.0/S001/S001R08.edf' to '/home/projet1
1/mne_data/MNE-eegbci-data/files/eegmmidb/1.0.0'.
Downloading file 'S001/S001R12.edf' from 'https://physionet.org/files/eegmmidb/1.0.0/S001/S001R12.edf' to '/home/projet1
1/mne_data/MNE-eegbci-data/files/eegmmidb/1.0.0'.
Attempting to create new mne-python configuration file:
/home/projet11/.mne/mne-python.json
Could not read the /home/projet11/.mne/mne-python.json json file during the writing. Assuming it is empty. Got: Expectin
g value: line 1 column 1 (char 0)
Download complete in 46s (14.9 MB)
Downloading EEGBCI data
Downloading file 'S001/S001R05.edf' from 'https://physionet.org/files/eegmmidb/1.0.0/S001/S001R05.edf' to '/home/projet1
1/mne_data/MNE-eegbci-data/files/eegmmidb/1.0.0'.
Downloading file 'S001/S001R09.edf' from 'https://physionet.org/files/eegmmidb/1.0.0/S001/S001R09.edf' to '/home/projet1
1/mne_data/MNE-eegbci-data/files/eegmmidb/1.0.0'.
^C
üõë Interrupted by User! Saving data collected so far...

‚ùå Failed to load any data.
(bci_env) projet11@delorean1:~/par-bci/tools$ ssh projet11@156.18.90.97 "mkdir -p /home/projet11/mne_data/MNE-eegbci-dat
a/files/eegmmidb/"
The authenticity of host '156.18.90.97 (156.18.90.97)' can't be established.
ED25519 key fingerprint is SHA256:0ylIpGcohXdu5o8XMNXA+3hV8kX66X/0mdD7a9avuZA.
This key is not known by any other names.
Are you sure you want to continue connecting (yes/no/[fingerprint])? ^C
(bci_env) projet11@delorean1:~/par-bci/tools$ ls
analysis.py                   debug_classes.py                  presentation_figures
analyze_csv_stats.py          debug_markers.py                  verify_session_transfer.py
audit_results                 erp_analysis_judge.png            visualize_channels.py
bci_confusion_matrix.png      erp_data_export.csv               visualize_covariance.py
bci_diagnostics.py            evaluate_separability.py          visualize_erp.py
bci_drift_analysis.png        generate_pieds_figures.py         visualize_multiclass.py
bci_tsne_train.png            generate_presentation_figures.py  visualize_processed_data.py
cache_physionet.py            inspect_processed_data.py         visualize_riemann_diff.py
check_acquisition_live.py     inspect_rest_markers.py           visualize_riemann_distances.py
check_riemann_feasibility.py  preprocess_data_to_npy.py         visualize_spectrogram.py
(bci_env) projet11@delorean1:~/par-bci/tools$ git pull
remote: Enumerating objects: 15, done.
remote: Counting objects: 100% (15/15), done.
remote: Compressing objects: 100% (6/6), done.
remote: Total 10 (delta 4), reused 10 (delta 4), pack-reused 0 (from 0)
D√©paquetage des objets: 100% (10/10), 3.11 Kio | 1.04 Mio/s, fait.
Depuis https://github.com/Skyxo/par-bci
 + 798712f...eb9379c main       -> origin/main  (mise √† jour forc√©e)
astuce: Vous avez des branches divergentes et vous devez sp√©cifier comment
astuce: les r√©concilier. Vous pouvez le faire en lan√ßant une des
astuce: commandes suivantes avant votre prochain tirage¬†:
astuce:
astuce:   git config pull.rebase false  # fusion
astuce:   git config pull.rebase true   # rebasage
astuce:   git config pull.ff only       # avance rapide seulement
astuce:
astuce: Vous pouvez remplacer "git config" par "git config --global" pour que
astuce: ce soit l'option par d√©faut pour tous les d√©p√¥ts. Vous pouvez aussi
astuce: passer --rebase, --no-rebase ou --ff-only sur la ligne de commande pour
astuce: remplacer √† l'invocation la valeur par d√©faut configur√©e.
fatal: Besoin de sp√©cifier comment r√©concilier des branches divergentes.
(bci_env) projet11@delorean1:~/par-bci/tools$ git fetch origin
(bci_env) projet11@delorean1:~/par-bci/tools$ git reset --hard origin/main
HEAD est maintenant √† eb9379c server
(bci_env) projet11@delorean1:~/par-bci/tools$ git pull
D√©j√† √† jour.
(bci_env) projet11@delorean1:~/par-bci/tools$ cd ..
(bci_env) projet11@delorean1:~/par-bci$ ls
acquisition_protocol.py                  processed_data
backup_EEG_Session_2026-01-13_15-30.csv  realtime_bci.py
bci_replay_viewer.py                     realtime_eegnet.py
bci_studio.py                            requirements_server.txt
diagnostic_report.txt                    requirements.txt
EEGnet                                   session_transfer_check.png
EEG_Session_2026-01-14_13-35.csv         SETUP_SERVER.md
EEG_Session_2026-01-14_14-01.csv         spectrogram_analysis.png
EEG_Session_2026-01-14_14-06.csv         tools
environment.yml                          training
erp_analysis_judge.png                   train_pipeline.sh
models                                   yohan_EEG_Session_2026-01-13_15-30_Cz_FCz_P3_Pz_C3_C4_O1_P4.csv
preprocessing                            yohan_EEG_Session_2026-01-13_16-59_Cz_FCz_P3_Pz_C3_C4_O1_P4.csv
(bci_env) projet11@delorean1:~/par-bci$ bash train_pipeline.sh
üöÄ Starting Full Training Pipeline...
------------------------------------------------
üì¶ STEP 1: Process & Cache PhysioNet Data
------------------------------------------------
üöÄ Starting PhysioNet Processing & Caching...
   Subjects: 109
   Target: /home/projet11/par-bci/EEGnet/physionet_cache_v2.npz
   [TIP] Press Ctrl+C at any time to stop and SAVE current progress.
^C Processing Subject 6...
üõë Interrupted by User! Saving data collected so far...

‚úÖ Processing Complete!
   Total Epochs: 679
   Shape: (679, 8, 750)
   Disk Size: 32.59 MB
üíæ Saving to cache file...
‚úÖ Saved: /home/projet11/par-bci/EEGnet/physionet_cache_v2.npz
------------------------------------------------
üèãÔ∏è STEP 2: Pre-train EEGNet (Cross-Subject)
------------------------------------------------
=== EEGNet PRE-TRAINING (Physionet) ===
üìÇ Output Directory: /home/projet11/par-bci/EEGnet/runs/pretrain_2026-01-28_02-15-41
üöÄ Loading Cached Data from /home/projet11/par-bci/EEGnet/physionet_cache_v2.npz...
   Loaded Shape: (679, 8, 750)
Data Loaded: (679, 1, 8, 750) samples. Classes: (array([0, 1, 2]), array([226, 224, 229]))
Training on: cuda
/home/projet11/miniconda3/envs/bci_env/lib/python3.10/site-packages/torch/cuda/__init__.py:435: UserWarning:
    Found GPU0 NVIDIA TITAN Xp which is of cuda capability 6.1.
    Minimum and Maximum cuda capability supported by this version of PyTorch is
    (7.0) - (12.0)

  queued_call()
/home/projet11/miniconda3/envs/bci_env/lib/python3.10/site-packages/torch/cuda/__init__.py:435: UserWarning:
    Please install PyTorch with a following CUDA
    configurations:  12.6 following instructions at
    https://pytorch.org/get-started/locally/

  queued_call()
/home/projet11/miniconda3/envs/bci_env/lib/python3.10/site-packages/torch/cuda/__init__.py:435: UserWarning:
    Found GPU1 NVIDIA TITAN Xp which is of cuda capability 6.1.
    Minimum and Maximum cuda capability supported by this version of PyTorch is
    (7.0) - (12.0)

  queued_call()
/home/projet11/miniconda3/envs/bci_env/lib/python3.10/site-packages/torch/cuda/__init__.py:435: UserWarning:
NVIDIA TITAN Xp with CUDA capability sm_61 is not compatible with the current PyTorch installation.
The current PyTorch install supports CUDA capabilities sm_70 sm_75 sm_80 sm_86 sm_90 sm_100 sm_120.
If you want to use the NVIDIA TITAN Xp GPU with PyTorch, please check the instructions at https://pytorch.org/get-starte
d/locally/

  queued_call()
Traceback (most recent call last):
  File "/home/projet11/par-bci/EEGnet/pretrain_eegnet.py", line 218, in <module>
    main()
  File "/home/projet11/par-bci/EEGnet/pretrain_eegnet.py", line 146, in main
    outputs = model(inputs)
  File "/home/projet11/miniconda3/envs/bci_env/lib/python3.10/site-packages/torch/nn/modules/module.py", line 1776, in _
wrapped_call_impl
    return self._call_impl(*args, **kwargs)
  File "/home/projet11/miniconda3/envs/bci_env/lib/python3.10/site-packages/torch/nn/modules/module.py", line 1787, in _
call_impl
    return forward_call(*args, **kwargs)
  File "/home/projet11/par-bci/EEGnet/pretrain_eegnet.py", line 59, in forward
    x = self.batchnorm1(x)
  File "/home/projet11/miniconda3/envs/bci_env/lib/python3.10/site-packages/torch/nn/modules/module.py", line 1776, in _
wrapped_call_impl
    return self._call_impl(*args, **kwargs)
  File "/home/projet11/miniconda3/envs/bci_env/lib/python3.10/site-packages/torch/nn/modules/module.py", line 1787, in _
call_impl
    return forward_call(*args, **kwargs)
  File "/home/projet11/miniconda3/envs/bci_env/lib/python3.10/site-packages/torch/nn/modules/batchnorm.py", line 174, in
 forward
    self.num_batches_tracked.add_(1)  # type: ignore[has-type]
torch.AcceleratorError: CUDA error: no kernel image is available for execution on the device
Search for `cudaErrorNoKernelImageForDevice' in https://docs.nvidia.com/cuda/cuda-runtime-api/group__CUDART__TYPES.html
for more information.
CUDA kernel errors might be asynchronously reported at some other API call, so the stacktrace below might be incorrect.
For debugging consider passing CUDA_LAUNCH_BLOCKING=1
Compile with `TORCH_USE_CUDA_DSA` to enable device-side assertions.

(bci_env) projet11@delorean1:~/par-bci$ bash train_pipeline.sh
üöÄ Starting Full Training Pipeline...
------------------------------------------------
üì¶ STEP 1: Process & Cache PhysioNet Data
------------------------------------------------
üöÄ Starting PhysioNet Processing & Caching...
   Subjects: 109
   Target: /home/projet11/par-bci/EEGnet/physionet_cache_v2.npz
   [TIP] Press Ctrl+C at any time to stop and SAVE current progress.
^C Processing Subject 8...
üõë Interrupted by User! Saving data collected so far...

‚úÖ Processing Complete!
   Total Epochs: 951
   Shape: (951, 8, 750)
   Disk Size: 45.65 MB
üíæ Saving to cache file...
‚úÖ Saved: /home/projet11/par-bci/EEGnet/physionet_cache_v2.npz
------------------------------------------------
üèãÔ∏è STEP 2: Pre-train EEGNet (Cross-Subject)
------------------------------------------------

A module that was compiled using NumPy 1.x cannot be run in
NumPy 2.2.6 as it may crash. To support both 1.x and 2.x
versions of NumPy, modules must be compiled with NumPy 2.0.
Some module may need to rebuild instead e.g. with 'pybind11>=2.12'.

If you are a user of the module, the easiest solution will be to
downgrade to 'numpy<2' or try to upgrade the affected module.
We expect that some modules will need time to support NumPy 2.

Traceback (most recent call last):  File "/home/projet11/par-bci/EEGnet/pretrain_eegnet.py", line 5, in <module>
    import torch
  File "/home/projet11/miniconda3/envs/bci_env/lib/python3.10/site-packages/torch/__init__.py", line 1471, in <module>
    from .functional import *  # noqa: F403
  File "/home/projet11/miniconda3/envs/bci_env/lib/python3.10/site-packages/torch/functional.py", line 9, in <module>
    import torch.nn.functional as F
  File "/home/projet11/miniconda3/envs/bci_env/lib/python3.10/site-packages/torch/nn/__init__.py", line 1, in <module>
    from .modules import *  # noqa: F403
  File "/home/projet11/miniconda3/envs/bci_env/lib/python3.10/site-packages/torch/nn/modules/__init__.py", line 35, in <
module>
    from .transformer import TransformerEncoder, TransformerDecoder, \
  File "/home/projet11/miniconda3/envs/bci_env/lib/python3.10/site-packages/torch/nn/modules/transformer.py", line 20, i
n <module>
    device: torch.device = torch.device(torch._C._get_default_device()),  # torch.device('cpu'),
/home/projet11/miniconda3/envs/bci_env/lib/python3.10/site-packages/torch/nn/modules/transformer.py:20: UserWarning: Fai
led to initialize NumPy: _ARRAY_API not found (Triggered internally at ../torch/csrc/utils/tensor_numpy.cpp:84.)
  device: torch.device = torch.device(torch._C._get_default_device()),  # torch.device('cpu'),
=== EEGNet PRE-TRAINING (Physionet) ===
üìÇ Output Directory: /home/projet11/par-bci/EEGnet/runs/pretrain_2026-01-28_02-21-52
üöÄ Loading Cached Data from /home/projet11/par-bci/EEGnet/physionet_cache_v2.npz...
   Loaded Shape: (951, 8, 750)
Data Loaded: (951, 1, 8, 750) samples. Classes: (array([0, 1, 2]), array([318, 312, 321]))
Training on: cuda
Epoch 1/1000 | Train Loss: 1.1096 | Val Loss: 1.0980 | LR: 1.0e-03
  -> ‚≠ê New Best Val Loss! Saved to /home/projet11/par-bci/EEGnet/runs/pretrain_2026-01-28_02-21-52/eegnet_physionet_bes
t.pth
  -> ‚≠ê New Best Val Loss! Saved to eegnet_physionet_best.pth
Epoch 2/1000 | Train Loss: 1.0892 | Val Loss: 1.0982 | LR: 1.0e-03
Epoch 3/1000 | Train Loss: 1.0660 | Val Loss: 1.0981 | LR: 1.0e-03
Epoch 4/1000 | Train Loss: 1.0634 | Val Loss: 1.0977 | LR: 1.0e-03
  -> ‚≠ê New Best Val Loss! Saved to /home/projet11/par-bci/EEGnet/runs/pretrain_2026-01-28_02-21-52/eegnet_physionet_bes
t.pth
  -> ‚≠ê New Best Val Loss! Saved to eegnet_physionet_best.pth
Epoch 5/1000 | Train Loss: 1.0513 | Val Loss: 1.0964 | LR: 1.0e-03
  -> ‚≠ê New Best Val Loss! Saved to /home/projet11/par-bci/EEGnet/runs/pretrain_2026-01-28_02-21-52/eegnet_physionet_bes
t.pth
  -> ‚≠ê New Best Val Loss! Saved to eegnet_physionet_best.pth
Epoch 6/1000 | Train Loss: 1.0245 | Val Loss: 1.0913 | LR: 1.0e-03
  -> ‚≠ê New Best Val Loss! Saved to /home/projet11/par-bci/EEGnet/runs/pretrain_2026-01-28_02-21-52/eegnet_physionet_bes
t.pth
  -> ‚≠ê New Best Val Loss! Saved to eegnet_physionet_best.pth
Epoch 7/1000 | Train Loss: 1.0436 | Val Loss: 1.0794 | LR: 1.0e-03
  -> ‚≠ê New Best Val Loss! Saved to /home/projet11/par-bci/EEGnet/runs/pretrain_2026-01-28_02-21-52/eegnet_physionet_bes
t.pth
  -> ‚≠ê New Best Val Loss! Saved to eegnet_physionet_best.pth
Epoch 8/1000 | Train Loss: 1.0353 | Val Loss: 1.0639 | LR: 1.0e-03
  -> ‚≠ê New Best Val Loss! Saved to /home/projet11/par-bci/EEGnet/runs/pretrain_2026-01-28_02-21-52/eegnet_physionet_bes
t.pth
  -> ‚≠ê New Best Val Loss! Saved to eegnet_physionet_best.pth
Epoch 9/1000 | Train Loss: 1.0252 | Val Loss: 1.0542 | LR: 1.0e-03
  -> ‚≠ê New Best Val Loss! Saved to /home/projet11/par-bci/EEGnet/runs/pretrain_2026-01-28_02-21-52/eegnet_physionet_bes
t.pth
  -> ‚≠ê New Best Val Loss! Saved to eegnet_physionet_best.pth
Epoch 10/1000 | Train Loss: 1.0055 | Val Loss: 1.0362 | LR: 1.0e-03
  -> ‚≠ê New Best Val Loss! Saved to /home/projet11/par-bci/EEGnet/runs/pretrain_2026-01-28_02-21-52/eegnet_physionet_bes
t.pth
  -> ‚≠ê New Best Val Loss! Saved to eegnet_physionet_best.pth
Epoch 11/1000 | Train Loss: 1.0031 | Val Loss: 1.0255 | LR: 1.0e-03
  -> ‚≠ê New Best Val Loss! Saved to /home/projet11/par-bci/EEGnet/runs/pretrain_2026-01-28_02-21-52/eegnet_physionet_bes
t.pth
  -> ‚≠ê New Best Val Loss! Saved to eegnet_physionet_best.pth
Epoch 12/1000 | Train Loss: 1.0016 | Val Loss: 1.0165 | LR: 1.0e-03
  -> ‚≠ê New Best Val Loss! Saved to /home/projet11/par-bci/EEGnet/runs/pretrain_2026-01-28_02-21-52/eegnet_physionet_bes
t.pth
  -> ‚≠ê New Best Val Loss! Saved to eegnet_physionet_best.pth
Epoch 13/1000 | Train Loss: 0.9811 | Val Loss: 1.0021 | LR: 1.0e-03
  -> ‚≠ê New Best Val Loss! Saved to /home/projet11/par-bci/EEGnet/runs/pretrain_2026-01-28_02-21-52/eegnet_physionet_bes
t.pth
  -> ‚≠ê New Best Val Loss! Saved to eegnet_physionet_best.pth
Epoch 14/1000 | Train Loss: 0.9581 | Val Loss: 0.9980 | LR: 1.0e-03
  -> ‚≠ê New Best Val Loss! Saved to /home/projet11/par-bci/EEGnet/runs/pretrain_2026-01-28_02-21-52/eegnet_physionet_bes
t.pth
  -> ‚≠ê New Best Val Loss! Saved to eegnet_physionet_best.pth
Epoch 15/1000 | Train Loss: 0.9270 | Val Loss: 0.9804 | LR: 1.0e-03
  -> ‚≠ê New Best Val Loss! Saved to /home/projet11/par-bci/EEGnet/runs/pretrain_2026-01-28_02-21-52/eegnet_physionet_bes
t.pth
  -> ‚≠ê New Best Val Loss! Saved to eegnet_physionet_best.pth
Epoch 16/1000 | Train Loss: 0.9123 | Val Loss: 0.9711 | LR: 1.0e-03
  -> ‚≠ê New Best Val Loss! Saved to /home/projet11/par-bci/EEGnet/runs/pretrain_2026-01-28_02-21-52/eegnet_physionet_bes
t.pth
  -> ‚≠ê New Best Val Loss! Saved to eegnet_physionet_best.pth
Epoch 17/1000 | Train Loss: 0.9139 | Val Loss: 0.9607 | LR: 1.0e-03
  -> ‚≠ê New Best Val Loss! Saved to /home/projet11/par-bci/EEGnet/runs/pretrain_2026-01-28_02-21-52/eegnet_physionet_bes
t.pth
  -> ‚≠ê New Best Val Loss! Saved to eegnet_physionet_best.pth
Epoch 18/1000 | Train Loss: 0.8828 | Val Loss: 0.9480 | LR: 1.0e-03
  -> ‚≠ê New Best Val Loss! Saved to /home/projet11/par-bci/EEGnet/runs/pretrain_2026-01-28_02-21-52/eegnet_physionet_bes
t.pth
  -> ‚≠ê New Best Val Loss! Saved to eegnet_physionet_best.pth
Epoch 19/1000 | Train Loss: 0.9004 | Val Loss: 0.9399 | LR: 1.0e-03
  -> ‚≠ê New Best Val Loss! Saved to /home/projet11/par-bci/EEGnet/runs/pretrain_2026-01-28_02-21-52/eegnet_physionet_bes
t.pth
  -> ‚≠ê New Best Val Loss! Saved to eegnet_physionet_best.pth
Epoch 20/1000 | Train Loss: 0.8688 | Val Loss: 0.9272 | LR: 1.0e-03
  -> ‚≠ê New Best Val Loss! Saved to /home/projet11/par-bci/EEGnet/runs/pretrain_2026-01-28_02-21-52/eegnet_physionet_bes
t.pth
  -> ‚≠ê New Best Val Loss! Saved to eegnet_physionet_best.pth
Epoch 21/1000 | Train Loss: 0.8671 | Val Loss: 0.9306 | LR: 1.0e-03
Epoch 22/1000 | Train Loss: 0.8349 | Val Loss: 0.9296 | LR: 1.0e-03
Epoch 23/1000 | Train Loss: 0.8143 | Val Loss: 0.9189 | LR: 1.0e-03
  -> ‚≠ê New Best Val Loss! Saved to /home/projet11/par-bci/EEGnet/runs/pretrain_2026-01-28_02-21-52/eegnet_physionet_bes
t.pth
  -> ‚≠ê New Best Val Loss! Saved to eegnet_physionet_best.pth
Epoch 24/1000 | Train Loss: 0.8221 | Val Loss: 0.9320 | LR: 1.0e-03
Epoch 25/1000 | Train Loss: 0.7938 | Val Loss: 0.9285 | LR: 1.0e-03
Epoch 26/1000 | Train Loss: 0.8062 | Val Loss: 0.9280 | LR: 1.0e-03
Epoch 27/1000 | Train Loss: 0.7674 | Val Loss: 0.9315 | LR: 1.0e-03
Epoch 28/1000 | Train Loss: 0.7983 | Val Loss: 0.9286 | LR: 1.0e-03
Epoch 29/1000 | Train Loss: 0.7808 | Val Loss: 0.9390 | LR: 1.0e-03
Epoch 30/1000 | Train Loss: 0.8116 | Val Loss: 0.9184 | LR: 1.0e-03
  -> ‚≠ê New Best Val Loss! Saved to /home/projet11/par-bci/EEGnet/runs/pretrain_2026-01-28_02-21-52/eegnet_physionet_bes
t.pth
  -> ‚≠ê New Best Val Loss! Saved to eegnet_physionet_best.pth
Epoch 31/1000 | Train Loss: 0.8008 | Val Loss: 0.9191 | LR: 1.0e-03
Epoch 32/1000 | Train Loss: 0.7826 | Val Loss: 0.9301 | LR: 1.0e-03
Epoch 33/1000 | Train Loss: 0.8009 | Val Loss: 0.9254 | LR: 1.0e-03
Epoch 34/1000 | Train Loss: 0.7538 | Val Loss: 0.9270 | LR: 1.0e-03
Epoch 35/1000 | Train Loss: 0.7809 | Val Loss: 0.9276 | LR: 1.0e-03
Epoch 36/1000 | Train Loss: 0.7564 | Val Loss: 0.9258 | LR: 1.0e-03
Epoch 37/1000 | Train Loss: 0.7866 | Val Loss: 0.9256 | LR: 1.0e-03
Epoch 38/1000 | Train Loss: 0.7374 | Val Loss: 0.9202 | LR: 1.0e-03
Epoch 39/1000 | Train Loss: 0.7523 | Val Loss: 0.9296 | LR: 1.0e-03
Epoch 40/1000 | Train Loss: 0.7880 | Val Loss: 0.9277 | LR: 1.0e-03
Epoch 41/1000 | Train Loss: 0.7639 | Val Loss: 0.9169 | LR: 1.0e-03
  -> ‚≠ê New Best Val Loss! Saved to /home/projet11/par-bci/EEGnet/runs/pretrain_2026-01-28_02-21-52/eegnet_physionet_bes
t.pth
  -> ‚≠ê New Best Val Loss! Saved to eegnet_physionet_best.pth
Epoch 42/1000 | Train Loss: 0.7584 | Val Loss: 0.9067 | LR: 1.0e-03
  -> ‚≠ê New Best Val Loss! Saved to /home/projet11/par-bci/EEGnet/runs/pretrain_2026-01-28_02-21-52/eegnet_physionet_bes
t.pth
  -> ‚≠ê New Best Val Loss! Saved to eegnet_physionet_best.pth
Epoch 43/1000 | Train Loss: 0.7355 | Val Loss: 0.9175 | LR: 1.0e-03
Epoch 44/1000 | Train Loss: 0.7674 | Val Loss: 0.9198 | LR: 1.0e-03
Epoch 45/1000 | Train Loss: 0.7385 | Val Loss: 0.9149 | LR: 1.0e-03
Epoch 46/1000 | Train Loss: 0.7335 | Val Loss: 0.9163 | LR: 1.0e-03
^CTraceback (most recent call last):
  File "/home/projet11/miniconda3/envs/bci_env/lib/python3.10/site-packages/PIL/ImageFile.py", line 660, in _save
    fh = fp.fileno()
AttributeError: '_idat' object has no attribute 'fileno'

During handling of the above exception, another exception occurred:

Traceback (most recent call last):
  File "/home/projet11/par-bci/EEGnet/pretrain_eegnet.py", line 218, in <module>
    main()
  File "/home/projet11/par-bci/EEGnet/pretrain_eegnet.py", line 204, in main
    plt.savefig(save_path)
  File "/home/projet11/miniconda3/envs/bci_env/lib/python3.10/site-packages/matplotlib/pyplot.py", line 1250, in savefig
    res = fig.savefig(*args, **kwargs)  # type: ignore[func-returns-value]
  File "/home/projet11/miniconda3/envs/bci_env/lib/python3.10/site-packages/matplotlib/figure.py", line 3490, in savefig
    self.canvas.print_figure(fname, **kwargs)
  File "/home/projet11/miniconda3/envs/bci_env/lib/python3.10/site-packages/matplotlib/backend_bases.py", line 2186, in
print_figure
    result = print_method(
  File "/home/projet11/miniconda3/envs/bci_env/lib/python3.10/site-packages/matplotlib/backend_bases.py", line 2042, in
<lambda>
    print_method = functools.wraps(meth)(lambda *args, **kwargs: meth(
  File "/home/projet11/miniconda3/envs/bci_env/lib/python3.10/site-packages/matplotlib/backends/backend_agg.py", line 48
1, in print_png
    self._print_pil(filename_or_obj, "png", pil_kwargs, metadata)
  File "/home/projet11/miniconda3/envs/bci_env/lib/python3.10/site-packages/matplotlib/backends/backend_agg.py", line 43
0, in _print_pil
    mpl.image.imsave(
  File "/home/projet11/miniconda3/envs/bci_env/lib/python3.10/site-packages/matplotlib/image.py", line 1657, in imsave
    image.save(fname, **pil_kwargs)
  File "/home/projet11/miniconda3/envs/bci_env/lib/python3.10/site-packages/PIL/Image.py", line 2590, in save
    save_handler(self, fp, filename)
  File "/home/projet11/miniconda3/envs/bci_env/lib/python3.10/site-packages/PIL/PngImagePlugin.py", line 1508, in _save
    ImageFile._save(
  File "/home/projet11/miniconda3/envs/bci_env/lib/python3.10/site-packages/PIL/ImageFile.py", line 664, in _save
    _encode_tile(im, fp, tile, bufsize, None, exc)
  File "/home/projet11/miniconda3/envs/bci_env/lib/python3.10/site-packages/PIL/ImageFile.py", line 690, in _encode_tile
    errcode, data = encoder.encode(bufsize)[1:]
KeyboardInterrupt

(bci_env) projet11@delorean1:~/par-bci$ tmux capture-pane -pS -10000 > log_complet.txt

